This is pdfeTeX, Version 3.141592-1.30.4-2.2 (Web2C 7.5.5) (format=pdflatex 2005.12.4)  25 APR 2006 17:13
entering extended mode
\write18 enabled.
**CellProfilerManual.tex
(./CellProfilerManual.tex
LaTeX2e <2003/12/01>
Babel <v3.8d> and hyphenation patterns for american, french, german, ngerman, d
utch, italian, norsk, portuges, spanish, swedish, nohyphenation, loaded.
(/usr/local/teTeX/share/texmf.tetex/tex/latex/base/article.cls
Document Class: article 2004/02/16 v1.4f Standard LaTeX document class
(/usr/local/teTeX/share/texmf.tetex/tex/latex/base/size10.clo
File: size10.clo 2004/02/16 v1.4f Standard LaTeX file (size option)
)
\c@part=\count79
\c@section=\count80
\c@subsection=\count81
\c@subsubsection=\count82
\c@paragraph=\count83
\c@subparagraph=\count84
\c@figure=\count85
\c@table=\count86
\abovecaptionskip=\skip41
\belowcaptionskip=\skip42
\bibindent=\dimen102
)
(/usr/local/teTeX/share/texmf.tetex/tex/latex/graphics/graphicx.sty
Package: graphicx 1999/02/16 v1.0f Enhanced LaTeX Graphics (DPC,SPQR)

(/usr/local/teTeX/share/texmf.tetex/tex/latex/graphics/keyval.sty
Package: keyval 1999/03/16 v1.13 key=value parser (DPC)
\KV@toks@=\toks14
)
(/usr/local/teTeX/share/texmf.tetex/tex/latex/graphics/graphics.sty
Package: graphics 2001/07/07 v1.0n Standard LaTeX Graphics (DPC,SPQR)

(/usr/local/teTeX/share/texmf.tetex/tex/latex/graphics/trig.sty
Package: trig 1999/03/16 v1.09 sin cos tan (DPC)
)
(/usr/local/teTeX/share/texmf.tetex/tex/latex/graphics/graphics.cfg
File: graphics.cfg 2005/02/03 v1.3 graphics configuration of teTeX/TeXLive
)
Package graphics Info: Driver file: pdftex.def on input line 80.

(/usr/local/teTeX/share/texmf.tetex/tex/latex/graphics/pdftex.def
File: pdftex.def 2002/06/19 v0.03k graphics/color for pdftex
\Gread@gobject=\count87
))
\Gin@req@height=\dimen103
\Gin@req@width=\dimen104
)
(./CellProfilerManual.aux)
\openout1 = `CellProfilerManual.aux'.

LaTeX Font Info:    Checking defaults for OML/cmm/m/it on input line 1.
LaTeX Font Info:    ... okay on input line 1.
LaTeX Font Info:    Checking defaults for T1/cmr/m/n on input line 1.
LaTeX Font Info:    ... okay on input line 1.
LaTeX Font Info:    Checking defaults for OT1/cmr/m/n on input line 1.
LaTeX Font Info:    ... okay on input line 1.
LaTeX Font Info:    Checking defaults for OMS/cmsy/m/n on input line 1.
LaTeX Font Info:    ... okay on input line 1.
LaTeX Font Info:    Checking defaults for OMX/cmex/m/n on input line 1.
LaTeX Font Info:    ... okay on input line 1.
LaTeX Font Info:    Checking defaults for U/cmr/m/n on input line 1.
LaTeX Font Info:    ... okay on input line 1.

(/usr/local/teTeX/share/texmf.tetex/tex/context/base/supp-pdf.tex
(/usr/local/teTeX/share/texmf.tetex/tex/context/base/supp-mis.tex
loading : Context Support Macros / Miscellaneous (2004.10.26)
\protectiondepth=\count88
\scratchcounter=\count89
\scratchtoks=\toks15
\scratchdimen=\dimen105
\scratchskip=\skip43
\scratchmuskip=\muskip10
\scratchbox=\box26
\scratchread=\read1
\scratchwrite=\write3
\zeropoint=\dimen106
\onepoint=\dimen107
\onebasepoint=\dimen108
\minusone=\count90
\thousandpoint=\dimen109
\onerealpoint=\dimen110
\emptytoks=\toks16
\nextbox=\box27
\nextdepth=\dimen111
\everyline=\toks17
\!!counta=\count91
\!!countb=\count92
\recursecounter=\count93
)
loading : Context Support Macros / PDF (2004.03.26)
\nofMPsegments=\count94
\nofMParguments=\count95
\MPscratchCnt=\count96
\MPscratchDim=\dimen112
\MPnumerator=\count97
\everyMPtoPDFconversion=\toks18
) <Promotional/ImagesForManual/CPCoverPage.png, id=1, 752.8125pt x 1003.75pt>
File: Promotional/ImagesForManual/CPCoverPage.png Graphic file (type png)

<use Promotional/ImagesForManual/CPCoverPage.png> [1

{/usr/local/teTeX/share/texmf.local/fonts/map/pdftex/updmap/pdftex.map} <./Prom
otional/ImagesForManual/CPCoverPage.png (PNG copy)>]
<Promotional/ImagesForManual/CPCredits.png, id=9, 541.7841pt x 722.4591pt>
File: Promotional/ImagesForManual/CPCredits.png Graphic file (type png)

<use Promotional/ImagesForManual/CPCredits.png> [2 <./Promotional/ImagesForManu
al/CPCredits.png (PNG copy)>]
<Promotional/ImagesForManual/CPCredits2.png, id=13, 541.7841pt x 722.4591pt>
File: Promotional/ImagesForManual/CPCredits2.png Graphic file (type png)

<use Promotional/ImagesForManual/CPCredits2.png> [3 <./Promotional/ImagesForMan
ual/CPCredits2.png (PNG copy)>]
Underfull \hbox (badness 10000) in paragraph at lines 1--1

 []

[4

] [5

]
<Promotional/ImagesForManual/CPScreenshot.png, id=32, 833.1125pt x 514.92375pt>
File: Promotional/ImagesForManual/CPScreenshot.png Graphic file (type png)
<use Promotional/ImagesForManual/CPScreenshot.png> [6

 <./Promotional/ImagesForManual/CPScreenshot.png (PNG copy)>] [7] [8] [9] [10]
Overfull \hbox (44.74052pt too wide) in paragraph at lines 424--424
[]    \OT1/cmtt/m/n/10 echo "usage: $0 M_fileDir BatchTxtOutputDir mat_fileDir 
BatchFilePrefix QueueType" 1>&2 exit 1[] 
 []

[11]
Overfull \hbox (312.48819pt too wide) in paragraph at lines 424--424
[]        \OT1/cmtt/m/n/10 username@wi.mit.edu -R 'rusage [img_kit=1:duration=1
]' "$MATLAB/bin/matlab -nodisplay -nojvm -c $LICENSE_SERVER < $BATCHDIR/$BATCHF
ILENAME.m"[] 
 []


Overfull \hbox (34.24062pt too wide) in paragraph at lines 424--424
[]  \OT1/cmtt/m/n/10 #From the command line, logged into your cluster submit th
e jobs using this script as follows:[] 
 []


Overfull \hbox (144.48965pt too wide) in paragraph at lines 424--424
[]  \OT1/cmtt/m/n/10 #./batchrun.sh /FOLDERWHEREMFILESARE /FOLDERWHERETEXTLOGSS
HOULDGO /FOLDERWHEREMATFILESARE BATCHPREFIXNAME QueueType[] 
 []


Overfull \hbox (28.99066pt too wide) in paragraph at lines 424--424
[]  \OT1/cmtt/m/n/10 #Note that FOLDERWHEREMATFILESARE is usually the same as F
OLDERWHEREMFILESARE. This is mainly[] 
 []


Overfull \hbox (23.7407pt too wide) in paragraph at lines 424--424
[]  \OT1/cmtt/m/n/10 #if you are trying to re-run failed jobs - it only runs m 
files if there is no corresponding[] 
 []


Overfull \hbox (212.73906pt too wide) in paragraph at lines 424--424
[]  \OT1/cmtt/m/n/10 #./batchrun.sh /nfs/sabatini2_ata/PROJECTFOLDER /nfs/sabat
ini2_ata/PROJECTFOLDER /nfs/sabatini2_ata/ PROJECTFOLDER Batch_ normal[] 
 []

[12]
Overfull \hbox (18.49075pt too wide) in paragraph at lines 424--424
[]      \OT1/cmtt/m/n/10 echo "usage: $0 M_fileDir BatchTxtOutputDir mat_fileDi
r BatchFilePrefix QueueType" 1>&2[] 
 []


Overfull \hbox (527.73631pt too wide) in paragraph at lines 424--424
[]              \OT1/cmtt/m/n/10 qsub -S /bin/bash -o $BATCHTXTOUTPUTDIR/$BATCH
FILENAME.txt -M username@wi.mit.edu $CPCluster/CPCluster.command $BATCHDIR/${BA
TCHFILEPREFIX}data.mat $BATCHDIR/$BATCHFILENAME.mat[] 
 []

[13]
Overfull \hbox (39.49057pt too wide) in paragraph at lines 424--424
[]  \OT1/cmtt/m/n/10 ./batchrun.sh /Some_Path/200X_XX_XX_ProjectName/output /So
me_Path/200X_XX_XX_ProjectName/output[] 
 []

[14] [15] [16] [17] [18] [19] [20] [21] [22] [23] [24] [25] [26] [27] [28]
[29] [30] [31]
Overfull \hbox (34.24062pt too wide) in paragraph at lines 971--971
[]  \OT1/cmtt/m/n/10 them as personal preferences and use File > Load Preferenc
es each time you start CellProfiler.[] 
 []

[32] [33] [34]
<Promotional/ImagesForManual/Align.png, id=128, 465.36359pt x 210.7875pt>
File: Promotional/ImagesForManual/Align.png Graphic file (type png)

<use Promotional/ImagesForManual/Align.png> [35 <./Promotional/ImagesForManual/
Align.png (PNG copy)>]
<Promotional/ImagesForManual/ApplyThreshold.png, id=132, 469.755pt x 211.41484p
t>
File: Promotional/ImagesForManual/ApplyThreshold.png Graphic file (type png)
 <use Promotional/ImagesForManual/ApplyThreshold.png> [36 <./Promotional/Images
ForManual/ApplyThreshold.png (PNG copy)>] [37] [38] [39] [40]
<Promotional/ImagesForManual/ColorToGray.png, id=149, 520.56984pt x 305.8928pt>
File: Promotional/ImagesForManual/ColorToGray.png Graphic file (type png)
<use Promotional/ImagesForManual/ColorToGray.png> [41] [42 <./Promotional/Image
sForManual/ColorToGray.png (PNG copy)>] [43] [44] [45] [46] [47] [48] [49]
Missing character: There is no Ô in font cmtt10!
Missing character: There is no Õ in font cmtt10!

[50]
Missing character: There is no Õ in font cmtt10!
Missing character: There is no Õ in font cmtt10!
 [51]
Missing character: There is no Õ in font cmtt10!
 [52] [53]
Missing character: There is no Õ in font cmtt10!
Missing character: There is no Ô in font cmtt10!
Missing character: There is no Õ in font cmtt10!
 [54]
Missing character: There is no Õ in font cmtt10!
Missing character: There is no Ò in font cmtt10!
Missing character: There is no Ó in font cmtt10!
Missing character: There is no Õ in font cmtt10!
Missing character: There is no Ò in font cmtt10!
Missing character: There is no Ó in font cmtt10!
Missing character: There is no Õ in font cmtt10!
Missing character: There is no Õ in font cmtt10!
Missing character: There is no Ó in font cmtt10!
Missing character: There is no Ó in font cmtt10!
Missing character: There is no Ò in font cmtt10!
Missing character: There is no Ó in font cmtt10!
Missing character: There is no Õ in font cmtt10!
 [55] [56] [57]
<Promotional/ImagesForManual/Crop.png, id=204, 497.35812pt x 318.43968pt>
File: Promotional/ImagesForManual/Crop.png Graphic file (type png)

<use Promotional/ImagesForManual/Crop.png> [58] [59 <./Promotional/ImagesForMan
ual/Crop.png (PNG copy)>] [60] [61] [62] [63] [64] [65] [66]
<Promotional/ImagesForManual/ExpandOrShrink.png, id=233, 476.53032pt x 250.9375
pt>
File: Promotional/ImagesForManual/ExpandOrShrink.png Graphic file (type png)
 <use Promotional/ImagesForManual/ExpandOrShrink.png> [67] [68 <./Promotional/I
magesForManual/ExpandOrShrink.png (PNG copy)>] [69] [70] [71] [72] [73]
<Promotional/ImagesForManual/GrayToColor.png, id=257, 511.15968pt x 291.21297pt
>
File: Promotional/ImagesForManual/GrayToColor.png Graphic file (type png)
 <use Promotional/ImagesForManual/GrayToColor.png> [74 <./Promotional/ImagesFor
Manual/GrayToColor.png (PNG copy)>] [75]
Missing character: There is no Õ in font cmtt10!
 [76] [77] [78] [79] [80] [81]
[82] [83] [84]
<Promotional/ImagesForManual/IdentifySecondary.png, id=292, 519.44063pt x 451.6
875pt>
File: Promotional/ImagesForManual/IdentifySecondary.png Graphic file (type png)

 <use Promotional/ImagesForManual/IdentifySecondary.png> [85] [86 <./Promotiona
l/ImagesForManual/IdentifySecondary.png (PNG copy)>]
<Promotional/ImagesForManual/IdentifyTertiarySubregion.png, id=300, 501.875pt x
 175.65625pt>
File: Promotional/ImagesForManual/IdentifyTertiarySubregion.png Graphic file (t
ype png)
 <use Promotional/ImagesForManual/IdentifyTertiarySubregion.png>
[87 <./Promotional/ImagesForManual/IdentifyTertiarySubregion.png (PNG copy)>]
<Promotional/ImagesForManual/InvertIntensity.png, id=304, 463.98344pt x 211.414
84pt>
File: Promotional/ImagesForManual/InvertIntensity.png Graphic file (type png)
 <use Promotional/ImagesForManual/InvertIntensity.png> [88 <./Promotional/Image
sForManual/InvertIntensity.png (PNG copy)>] [89] [90] [91] [92] [93]
[94] [95] [96] [97] [98] [99] [100] [101] [102] [103] [104] [105] [106]
[107] [108] [109] [110] [111] [112] [113] [114] [115] [116] [117] [118]
[119] [120] [121]
<Promotional/ImagesForManual/Tile.png, id=413, 487.8225pt x 165.11688pt>
File: Promotional/ImagesForManual/Tile.png Graphic file (type png)

<use Promotional/ImagesForManual/Tile.png> [122 <./Promotional/ImagesForManual/
Tile.png (PNG copy)>] [123] [124] [125] [126] [127] [128] [129] [130] [131]
[132] [133] [134] [135] [136] [137] [138] [139] [140] [141] [142] [143]
(./CellProfilerManual.aux) ) 
Here is how much of TeX's memory you used:
 1034 strings out of 95137
 15919 string characters out of 1183013
 2073367 words of memory out of 4528202
 4221 multiletter control sequences out of 10000+50000
 5007 words of font info for 19 fonts, out of 2000000 for 2000
 58 hyphenation exceptions out of 5000
 25i,4n,19p,6289b,239s stack positions out of 5000i,500n,6000p,200000b,40000s
PDF statistics:
 482 PDF objects out of 300000
 0 named destinations out of 131072
 71 words of extra memory for PDF output out of 10000
</usr/local/teTeX/share/texmf.tetex/fonts/type1/blu
esky/cm/cmtt10.pfb></usr/local/teTeX/share/texmf.tetex/fonts/type1/bluesky/cm/c
mss10.pfb></usr/local/teTeX/share/texmf.tetex/fonts/type1/bluesky/cm/cmssbx10.p
fb></usr/local/teTeX/share/texmf.tetex/fonts/type1/bluesky/cm/cmss17.pfb></usr/
local/teTeX/share/texmf.tetex/fonts/type1/bluesky/cm/cmr10.pfb>
Output written on CellProfilerManual.pdf (143 pages, 13717036 bytes).
