This is pdfTeXk, Version 3.141592-1.40.3 (Web2C 7.5.6) (format=pdflatex 2007.5.18)  10 SEP 2007 13:03
entering extended mode
\write18 enabled.
 %&-line parsing enabled.
**CellProfilerManual.tex
(./CellProfilerManual.tex
LaTeX2e <2005/12/01>
Babel <v3.8h> and hyphenation patterns for english, usenglishmax, dumylang, noh
yphenation, arabic, basque, bulgarian, coptic, welsh, czech, slovak, german, ng
erman, danish, esperanto, spanish, catalan, galician, estonian, farsi, finnish,
 french, greek, monogreek, ancientgreek, croatian, hungarian, interlingua, ibyc
us, indonesian, icelandic, italian, latin, mongolian, dutch, norsk, polish, por
tuguese, pinyin, romanian, russian, slovenian, uppersorbian, serbian, swedish, 
turkish, ukenglish, ukrainian, loaded.
(/usr/local/texlive/2007/texmf-dist/tex/latex/base/article.cls
Document Class: article 2005/09/16 v1.4f Standard LaTeX document class
(/usr/local/texlive/2007/texmf-dist/tex/latex/base/size10.clo
File: size10.clo 2005/09/16 v1.4f Standard LaTeX file (size option)
)
\c@part=\count79
\c@section=\count80
\c@subsection=\count81
\c@subsubsection=\count82
\c@paragraph=\count83
\c@subparagraph=\count84
\c@figure=\count85
\c@table=\count86
\abovecaptionskip=\skip41
\belowcaptionskip=\skip42
\bibindent=\dimen102
)
(/usr/local/texlive/2007/texmf-dist/tex/latex/graphics/graphicx.sty
Package: graphicx 1999/02/16 v1.0f Enhanced LaTeX Graphics (DPC,SPQR)

(/usr/local/texlive/2007/texmf-dist/tex/latex/graphics/keyval.sty
Package: keyval 1999/03/16 v1.13 key=value parser (DPC)
\KV@toks@=\toks14
)
(/usr/local/texlive/2007/texmf-dist/tex/latex/graphics/graphics.sty
Package: graphics 2006/02/20 v1.0o Standard LaTeX Graphics (DPC,SPQR)

(/usr/local/texlive/2007/texmf-dist/tex/latex/graphics/trig.sty
Package: trig 1999/03/16 v1.09 sin cos tan (DPC)
)
(/usr/local/texlive/2007/texmf/tex/latex/config/graphics.cfg
File: graphics.cfg 2007/01/18 v1.5 graphics configuration of teTeX/TeXLive
)
Package graphics Info: Driver file: pdftex.def on input line 90.

(/usr/local/texlive/2007/texmf-dist/tex/latex/pdftex-def/pdftex.def
File: pdftex.def 2007/01/08 v0.04d Graphics/color for pdfTeX
\Gread@gobject=\count87
))
\Gin@req@height=\dimen103
\Gin@req@width=\dimen104
)
(./CellProfilerManual.aux)
\openout1 = `CellProfilerManual.aux'.

LaTeX Font Info:    Checking defaults for OML/cmm/m/it on input line 1.
LaTeX Font Info:    ... okay on input line 1.
LaTeX Font Info:    Checking defaults for T1/cmr/m/n on input line 1.
LaTeX Font Info:    ... okay on input line 1.
LaTeX Font Info:    Checking defaults for OT1/cmr/m/n on input line 1.
LaTeX Font Info:    ... okay on input line 1.
LaTeX Font Info:    Checking defaults for OMS/cmsy/m/n on input line 1.
LaTeX Font Info:    ... okay on input line 1.
LaTeX Font Info:    Checking defaults for OMX/cmex/m/n on input line 1.
LaTeX Font Info:    ... okay on input line 1.
LaTeX Font Info:    Checking defaults for U/cmr/m/n on input line 1.
LaTeX Font Info:    ... okay on input line 1.

(/usr/local/texlive/2007/texmf-dist/tex/context/base/supp-pdf.tex
[Loading MPS to PDF converter (version 2006.09.02).]
\scratchcounter=\count88
\scratchdimen=\dimen105
\scratchbox=\box26
\nofMPsegments=\count89
\nofMParguments=\count90
\MPscratchCnt=\count91
\MPscratchDim=\dimen106
\MPnumerator=\count92
\everyMPtoPDFconversion=\toks15
) <ImagesForManual/CPCoverPage.png, id=1, 752.8125pt x 1003.75pt>
File: ImagesForManual/CPCoverPage.png Graphic file (type png)

<use ImagesForManual/CPCoverPage.png> [1

{/usr/local/texlive/2007/texmf-var/fonts/map/pdftex/updmap/pdftex.map} <./Image
sForManual/CPCoverPage.png (PNG copy)>] <ImagesForManual/CPCredits.png, id=7, 5
41.7841pt x 722.4591pt>
File: ImagesForManual/CPCredits.png Graphic file (type png)

<use ImagesForManual/CPCredits.png> [2 <./ImagesForManual/CPCredits.png (PNG co
py)>] <ImagesForManual/CPCredits2.png, id=11, 541.7841pt x 722.4591pt>
File: ImagesForManual/CPCredits2.png Graphic file (type png)

<use ImagesForManual/CPCredits2.png> [3 <./ImagesForManual/CPCredits2.png (PNG 
copy)>]
Underfull \hbox (badness 10000) in paragraph at lines 1--1

 []

[4

] [5

] <ImagesForManual/CPScreenshot.png, id=24, 833.1125pt x 514.92375pt>
File: ImagesForManual/CPScreenshot.png Graphic file (type png)

<use ImagesForManual/CPScreenshot.png> [6

 <./ImagesForManual/CPScreenshot.png (PNG copy)>] [7] [8] [9] [10] [11] [12] [1
3] [14] [15] [16] [17] [18] [19]
[20] [21] [22] [23] [24] [25] [26] [27] [28] [29] [30] [31]
Overfull \hbox (34.24062pt too wide) in paragraph at lines 1021--1021
[]  \OT1/cmtt/m/n/10 them as personal preferences and use File > Load Preferenc
es each time you start CellProfiler.[] 
 []

[32] [33] [34] <ImagesForManual/Align.png, id=118, 465.36359pt x 210.7875pt>
File: ImagesForManual/Align.png Graphic file (type png)

<use ImagesForManual/Align.png> [35 <./ImagesForManual/Align.png (PNG copy)>]
<ImagesForManual/ApplyThreshold.png, id=122, 469.755pt x 211.41484pt>
File: ImagesForManual/ApplyThreshold.png Graphic file (type png)

<use ImagesForManual/ApplyThreshold.png> [36 <./ImagesForManual/ApplyThreshold.
png (PNG copy)>] [37] [38] [39] [40] [41] [42] [43]
<ImagesForManual/ColorToGray.png, id=149, 520.56984pt x 305.8928pt>
File: ImagesForManual/ColorToGray.png Graphic file (type png)

<use ImagesForManual/ColorToGray.png> [44 <./ImagesForManual/ColorToGray.png (P
NG copy)>] [45] [46] [47] [48] [49] [50] [51] [52] [53] [54] [55]
<ImagesForManual/Crop.png, id=188, 497.35812pt x 318.43968pt>
File: ImagesForManual/Crop.png Graphic file (type png)

<use ImagesForManual/Crop.png> [56] [57 <./ImagesForManual/Crop.png (PNG copy)>
] [58] [59] [60] [61] [62] [63] [64] [65]
<ImagesForManual/ExpandOrShrink.png, id=220, 476.53032pt x 250.9375pt>
File: ImagesForManual/ExpandOrShrink.png Graphic file (type png)

<use ImagesForManual/ExpandOrShrink.png> [66] [67 <./ImagesForManual/ExpandOrSh
rink.png (PNG copy)>] [68] [69] [70] [71] [72] [73]
Overfull \hbox (160.23952pt too wide) in paragraph at lines 2330--2330
[]  \OT1/cmtt/m/n/10 Size of smoothing filter (for Ratio method only): A square
 of NxN will be used for the filter, where N is the size you[] 
 []

[74] [75] <ImagesForManual/GrayToColor.png, id=253, 511.15968pt x 291.21297pt>
File: ImagesForManual/GrayToColor.png Graphic file (type png)

<use ImagesForManual/GrayToColor.png> [76 <./ImagesForManual/GrayToColor.png (P
NG copy)>] [77] [78] [79] [80] [81] [82] [83] [84] [85] [86] [87]
<ImagesForManual/IdentifySecondary.png, id=292, 519.44063pt x 451.6875pt>
File: ImagesForManual/IdentifySecondary.png Graphic file (type png)

<use ImagesForManual/IdentifySecondary.png> [88] [89 <./ImagesForManual/Identif
ySecondary.png (PNG copy)>]
<ImagesForManual/IdentifyTertiarySubregion.png, id=299, 501.875pt x 175.65625pt
>
File: ImagesForManual/IdentifyTertiarySubregion.png Graphic file (type png)
 <use ImagesForManual/IdentifyTertiarySubregion.png> [90 <./ImagesForManual/Ide
ntifyTertiarySubregion.png (PNG copy)>]
<ImagesForManual/InvertIntensity.png, id=303, 463.98344pt x 211.41484pt>
File: ImagesForManual/InvertIntensity.png Graphic file (type png)

<use ImagesForManual/InvertIntensity.png> [91 <./ImagesForManual/InvertIntensit
y.png (PNG copy)>] [92] [93] [94] [95] [96] [97] [98] [99] [100] [101]
Missing character: There is no “ in font cmtt10!
Missing character: There is no ” in font cmtt10!
Missing character: There is no “ in font cmtt10!
Missing character: There is no ” in font cmtt10!
 [102]
[103] [104] [105] [106] [107] [108] [109] [110] [111] [112] [113] [114]
[115] [116] [117] [118] [119] [120] [121] [122] [123] [124] [125] [126]
[127] [128] [129] [130]
<ImagesForManual/Tile.png, id=431, 487.8225pt x 165.11688pt>
File: ImagesForManual/Tile.png Graphic file (type png)

<use ImagesForManual/Tile.png> [131 <./ImagesForManual/Tile.png (PNG copy)>]
[132] [133] [134] [135] [136] [137] [138] [139] [140] [141] [142] [143]
[144] [145] [146] [147] [148] [149] [150] [151] [152] [153]
(./CellProfilerManual.aux) ) 
Here is how much of TeX's memory you used:
 1024 strings out of 94073
 15482 string characters out of 1162984
 81127 words of memory out of 1500000
 4350 multiletter control sequences out of 10000+50000
 5007 words of font info for 19 fonts, out of 1200000 for 2000
 645 hyphenation exceptions out of 8191
 25i,4n,19p,7322b,239s stack positions out of 5000i,500n,6000p,200000b,5000s
</usr/local/texlive/2007/texmf-dist/fonts/type1/blu
esky/cm/cmr10.pfb></usr/local/texlive/2007/texmf-dist/fonts/type1/bluesky/cm/cm
ss10.pfb></usr/local/texlive/2007/texmf-dist/fonts/type1/bluesky/cm/cmss17.pfb>
</usr/local/texlive/2007/texmf-dist/fonts/type1/bluesky/cm/cmssbx10.pfb></usr/l
ocal/texlive/2007/texmf-dist/fonts/type1/bluesky/cm/cmtt10.pfb>
Output written on CellProfilerManual.pdf (153 pages, 13584938 bytes).
PDF statistics:
 527 PDF objects out of 1000 (max. 8388607)
 0 named destinations out of 1000 (max. 131072)
 71 words of extra memory for PDF output out of 10000 (max. 10000000)

